  main.cpp
D:\软工\jackchen1349\3121005204\Project_1\src\cppjieba\HMMSegment.hpp(162,1): warning C4267: “=”: 从“size_t”转换到“_Ty”，可能丢失数据
          with
          [
              _Ty=int
          ]
D:\软工\jackchen1349\3121005204\Project_1\src\cppjieba\HMMSegment.hpp(178,1): warning C4267: “初始化”: 从“size_t”转换到“int”，可能丢失数据
  正在生成代码
  Previous IPDB not found, fall back to full compilation.
  All 1943 functions were compiled because no usable IPDB/IOBJ from previous compilation was found.
  已完成代码的生成
  Project_1.vcxproj -> D:\软工\jackchen1349\3121005204\Project_1\x64\Release\main.exe
D:\软工\jackchen1349\3121005204\Project_1\src\cppjieba\Unicode.hpp(23): warning C26495: 未初始化变量 cppjieba::Word::unicode_length。始终初始化成员变量(type.6)。
D:\软工\jackchen1349\3121005204\Project_1\src\cppjieba\Trie.hpp(19): warning C26495: 未初始化变量 cppjieba::DictUnit::weight。始终初始化成员变量(type.6)。
D:\软工\jackchen1349\3121005204\Project_1\src\main.cpp(71): warning C26451: 算术溢出: 使用 4 字节值上的运算符 * ，然后将结果转换到 8 字节值。在调用运算符 * 之前将值强制转换为宽类型可避免溢出(io.2)。
D:\软工\jackchen1349\3121005204\Project_1\src\main.cpp(72): warning C26451: 算术溢出: 使用 4 字节值上的运算符 * ，然后将结果转换到 8 字节值。在调用运算符 * 之前将值强制转换为宽类型可避免溢出(io.2)。
D:\软工\jackchen1349\3121005204\Project_1\src\main.cpp(73): warning C26451: 算术溢出: 使用 4 字节值上的运算符 * ，然后将结果转换到 8 字节值。在调用运算符 * 之前将值强制转换为宽类型可避免溢出(io.2)。
D:\软工\jackchen1349\3121005204\Project_1\src\cppjieba\limonp\LocalVector.hpp(95): warning C6387: "ptr_" 可以是 "0"。
D:\软工\jackchen1349\3121005204\Project_1\src\cppjieba\limonp\LocalVector.hpp(63): warning C6387: "ptr_" 可以是 "0"。
D:\软工\jackchen1349\3121005204\Project_1\src\cppjieba\KeywordExtractor.hpp(20): warning C26495: 未初始化变量 cppjieba::KeywordExtractor::Word::weight。始终初始化成员变量(type.6)。
